c:\users\tp2312040\downloads\libodb-sqlite-2.4.0\odb\sqlite\x64\debug\vc143.pdb
c:\users\tp2312040\downloads\libodb-sqlite-2.4.0\odb\sqlite\x64\debug\vc143.idb
c:\users\tp2312040\downloads\libodb-sqlite-2.4.0\odb\sqlite\x64\debug\traits.obj
c:\users\tp2312040\downloads\libodb-sqlite-2.4.0\odb\sqlite\x64\debug\transaction-impl.obj
c:\users\tp2312040\downloads\libodb-sqlite-2.4.0\odb\sqlite\x64\debug\transaction.obj
c:\users\tp2312040\downloads\libodb-sqlite-2.4.0\odb\sqlite\x64\debug\tracer.obj
c:\users\tp2312040\downloads\libodb-sqlite-2.4.0\odb\sqlite\x64\debug\statement-cache.obj
c:\users\tp2312040\downloads\libodb-sqlite-2.4.0\odb\sqlite\x64\debug\statements-base.obj
c:\users\tp2312040\downloads\libodb-sqlite-2.4.0\odb\sqlite\x64\debug\statement.obj
c:\users\tp2312040\downloads\libodb-sqlite-2.4.0\odb\sqlite\x64\debug\simple-object-statements.obj
c:\users\tp2312040\downloads\libodb-sqlite-2.4.0\odb\sqlite\x64\debug\error.obj
c:\users\tp2312040\downloads\libodb-sqlite-2.4.0\odb\sqlite\x64\debug\database.obj
c:\users\tp2312040\downloads\libodb-sqlite-2.4.0\odb\sqlite\x64\debug\connection-factory.obj
c:\users\tp2312040\downloads\libodb-sqlite-2.4.0\odb\sqlite\x64\debug\connection.obj
c:\users\tp2312040\downloads\libodb-sqlite-2.4.0\odb\sqlite\x64\debug\query-const-expr.obj
c:\users\tp2312040\downloads\libodb-sqlite-2.4.0\odb\sqlite\x64\debug\query-dynamic.obj
c:\users\tp2312040\downloads\libodb-sqlite-2.4.0\odb\sqlite\x64\debug\query.obj
c:\users\tp2312040\downloads\libodb-sqlite-2.4.0\odb\sqlite\x64\debug\prepared-query.obj
c:\users\tp2312040\downloads\libodb-sqlite-2.4.0\odb\sqlite\x64\debug\exceptions.obj
c:\users\tp2312040\downloads\libodb-sqlite-2.4.0\odb\sqlite\x64\debug\details\options.obj
c:\users\tp2312040\downloads\libodb-sqlite-2.4.0\bin64\odb-sqlite-d-2.4-vc12.dll
c:\users\tp2312040\downloads\libodb-sqlite-2.4.0\bin64\odb-sqlite-d-2.4-vc12.pdb
c:\users\tp2312040\downloads\libodb-sqlite-2.4.0\lib64\odb-sqlite-d.lib
c:\users\tp2312040\downloads\libodb-sqlite-2.4.0\lib64\odb-sqlite-d.exp
c:\users\tp2312040\downloads\libodb-sqlite-2.4.0\odb\sqlite\x64\debug\odb-sqlite-d-2.4-vc12.ilk
c:\users\tp2312040\downloads\libodb-sqlite-2.4.0\odb\sqlite\x64\debug\libodb-s.be62afc4.tlog\cl.command.1.tlog
c:\users\tp2312040\downloads\libodb-sqlite-2.4.0\odb\sqlite\x64\debug\libodb-s.be62afc4.tlog\cl.items.tlog
c:\users\tp2312040\downloads\libodb-sqlite-2.4.0\odb\sqlite\x64\debug\libodb-s.be62afc4.tlog\cl.read.1.tlog
c:\users\tp2312040\downloads\libodb-sqlite-2.4.0\odb\sqlite\x64\debug\libodb-s.be62afc4.tlog\cl.write.1.tlog
c:\users\tp2312040\downloads\libodb-sqlite-2.4.0\odb\sqlite\x64\debug\libodb-s.be62afc4.tlog\link.command.1.tlog
c:\users\tp2312040\downloads\libodb-sqlite-2.4.0\odb\sqlite\x64\debug\libodb-s.be62afc4.tlog\link.read.1.tlog
c:\users\tp2312040\downloads\libodb-sqlite-2.4.0\odb\sqlite\x64\debug\libodb-s.be62afc4.tlog\link.secondary.1.tlog
c:\users\tp2312040\downloads\libodb-sqlite-2.4.0\odb\sqlite\x64\debug\libodb-s.be62afc4.tlog\link.write.1.tlog
